0 info it worked if it ends with ok
1 verbose cli [ '/usr/local/bin/node', '/usr/local/bin/npm', 'start' ]
2 info using npm@3.3.12
3 info using node@v5.4.1
4 verbose run-script [ 'prestart', 'start', 'poststart' ]
5 info lifecycle bubbles@1.0.0~prestart: bubbles@1.0.0
6 silly lifecycle bubbles@1.0.0~prestart: no script for prestart, continuing
7 info lifecycle bubbles@1.0.0~start: bubbles@1.0.0
8 verbose lifecycle bubbles@1.0.0~start: unsafe-perm in lifecycle true
9 verbose lifecycle bubbles@1.0.0~start: PATH: /usr/local/lib/node_modules/npm/bin/node-gyp-bin:/Users/Anthony/web_projects/fullstack/Bubbles/node_modules/.bin:/Users/Anthony/google-cloud-sdk/bin:/Library/Frameworks/Python.framework/Versions/2.7/bin:/usr/local/bin:/usr/local/sbin:~/bin:/Library/Frameworks/Python.framework/Versions/3.3/bin:/Users/Anthony/.rvm/gems/ruby-2.0.0-p353/bin:/Users/Anthony/.rvm/gems/ruby-2.0.0-p353@global/bin:/Users/Anthony/.rvm/rubies/ruby-2.0.0-p353/bin:/Users/Anthony/.rvm/bin:/Users/Anthony/.rvm/bin:/usr/local/bin:/usr/bin:/bin:/usr/sbin:/sbin:/opt/X11/bin:/usr/local/git/bin:/opt/sm/bin:/opt/sm/pkg/active/bin:/opt/sm/pkg/active/sbin
10 verbose lifecycle bubbles@1.0.0~start: CWD: /Users/Anthony/web_projects/fullstack/Bubbles
11 silly lifecycle bubbles@1.0.0~start: Args: [ '-c', 'PORT=1337 node ./server' ]
12 silly lifecycle bubbles@1.0.0~start: Returned: code: 1  signal: null
13 info lifecycle bubbles@1.0.0~start: Failed to exec start script
14 verbose stack Error: bubbles@1.0.0 start: `PORT=1337 node ./server`
14 verbose stack Exit status 1
14 verbose stack     at EventEmitter.<anonymous> (/usr/local/lib/node_modules/npm/lib/utils/lifecycle.js:232:16)
14 verbose stack     at emitTwo (events.js:87:13)
14 verbose stack     at EventEmitter.emit (events.js:172:7)
14 verbose stack     at ChildProcess.<anonymous> (/usr/local/lib/node_modules/npm/lib/utils/spawn.js:24:14)
14 verbose stack     at emitTwo (events.js:87:13)
14 verbose stack     at ChildProcess.emit (events.js:172:7)
14 verbose stack     at maybeClose (internal/child_process.js:821:16)
14 verbose stack     at Process.ChildProcess._handle.onexit (internal/child_process.js:211:5)
15 verbose pkgid bubbles@1.0.0
16 verbose cwd /Users/Anthony/web_projects/fullstack/Bubbles
17 error Darwin 14.5.0
18 error argv "/usr/local/bin/node" "/usr/local/bin/npm" "start"
19 error node v5.4.1
20 error npm  v3.3.12
21 error code ELIFECYCLE
22 error bubbles@1.0.0 start: `PORT=1337 node ./server`
22 error Exit status 1
23 error Failed at the bubbles@1.0.0 start script 'PORT=1337 node ./server'.
23 error Make sure you have the latest version of node.js and npm installed.
23 error If you do, this is most likely a problem with the bubbles package,
23 error not with npm itself.
23 error Tell the author that this fails on your system:
23 error     PORT=1337 node ./server
23 error You can get their info via:
23 error     npm owner ls bubbles
23 error There is likely additional logging output above.
24 verbose exit [ 1, true ]
